<?xml version="1.0" encoding="UTF-8"?>
<testng-results ignored="0" total="1" passed="1" failed="0" skipped="0">
  <reporter-output>
    <line>
      <![CDATA[Log Info: Setting upthe Browser]]>
    </line>
    <line>
      <![CDATA[Log Info: Browser and Application is up and running]]>
    </line>
    <line>
      <![CDATA[Closing the Browser]]>
    </line>
    <line>
      <![CDATA[Log Info:Browser Closed]]>
    </line>
  </reporter-output>
  <suite started-at="2024-01-29T15:31:56 IST" name="Suite" finished-at="2024-01-29T15:32:25 IST" duration-ms="29207">
    <groups>
    </groups>
    <test started-at="2024-01-29T15:31:56 IST" name="Test" finished-at="2024-01-29T15:32:25 IST" duration-ms="29207">
      <class name="com.project.TestCases.LoginTestCase">
        <test-method is-config="true" signature="setup()[pri:0, instance:com.project.TestCases.LoginTestCase@2ef14fe]" started-at="2024-01-29T15:31:57 IST" name="setup" finished-at="2024-01-29T15:32:07 IST" duration-ms="10250" status="PASS">
          <reporter-output>
            <line>
              <![CDATA[Log Info: Setting upthe Browser]]>
            </line>
            <line>
              <![CDATA[Log Info: Browser and Application is up and running]]>
            </line>
          </reporter-output>
        </test-method> <!-- setup -->
        <test-method signature="Login(java.lang.String)[pri:0, instance:com.project.TestCases.LoginTestCase@2ef14fe]" started-at="2024-01-29T15:32:07 IST" name="Login" data-provider="TestingData" finished-at="2024-01-29T15:32:23 IST" duration-ms="16583" status="PASS">
          <params>
            <param index="0">
              <value>
                <![CDATA[jyothirdevaraguli@gmail.com]]>
              </value>
            </param>
          </params>
          <reporter-output>
          </reporter-output>
        </test-method> <!-- Login -->
        <test-method is-config="true" signature="teardown()[pri:0, instance:com.project.TestCases.LoginTestCase@2ef14fe]" started-at="2024-01-29T15:32:25 IST" name="teardown" finished-at="2024-01-29T15:32:25 IST" duration-ms="305" status="PASS">
          <reporter-output>
            <line>
              <![CDATA[Closing the Browser]]>
            </line>
            <line>
              <![CDATA[Log Info:Browser Closed]]>
            </line>
          </reporter-output>
        </test-method> <!-- teardown -->
      </class> <!-- com.project.TestCases.LoginTestCase -->
    </test> <!-- Test -->
  </suite> <!-- Suite -->
</testng-results>
