<?xml version="1.0" encoding="UTF-8"?>
<testng-results ignored="0" total="1" passed="1" failed="0" skipped="0">
  <reporter-output>
    <line>
      <![CDATA[Log Info: Setting upthe Browser]]>
    </line>
    <line>
      <![CDATA[Log Info: Browser and Application is up and running]]>
    </line>
    <line>
      <![CDATA[Closing the Browser]]>
    </line>
    <line>
      <![CDATA[Log Info:Browser Closed]]>
    </line>
  </reporter-output>
  <suite started-at="2024-01-19T17:15:35 IST" name="Default suite" finished-at="2024-01-19T17:15:53 IST" duration-ms="17513">
    <groups>
    </groups>
    <test started-at="2024-01-19T17:15:35 IST" name="Default test" finished-at="2024-01-19T17:15:53 IST" duration-ms="17513">
      <class name="com.project.TestCases.LoginTestCase">
        <test-method is-config="true" signature="setup()[pri:0, instance:com.project.TestCases.LoginTestCase@1e0b4072]" started-at="2024-01-19T17:15:36 IST" name="setup" finished-at="2024-01-19T17:15:41 IST" duration-ms="4742" status="PASS">
          <reporter-output>
            <line>
              <![CDATA[Log Info: Setting upthe Browser]]>
            </line>
            <line>
              <![CDATA[Log Info: Browser and Application is up and running]]>
            </line>
          </reporter-output>
        </test-method> <!-- setup -->
        <test-method signature="Login(java.lang.String)[pri:0, instance:com.project.TestCases.LoginTestCase@1e0b4072]" started-at="2024-01-19T17:15:41 IST" name="Login" data-provider="TestingData" finished-at="2024-01-19T17:15:53 IST" duration-ms="11547" status="PASS">
          <params>
            <param index="0">
              <value>
                <![CDATA[jyothirdevaraguli@gmail.com]]>
              </value>
            </param>
          </params>
          <reporter-output>
          </reporter-output>
        </test-method> <!-- Login -->
        <test-method is-config="true" signature="teardown()[pri:0, instance:com.project.TestCases.LoginTestCase@1e0b4072]" started-at="2024-01-19T17:15:53 IST" name="teardown" finished-at="2024-01-19T17:15:53 IST" duration-ms="196" status="PASS">
          <reporter-output>
            <line>
              <![CDATA[Closing the Browser]]>
            </line>
            <line>
              <![CDATA[Log Info:Browser Closed]]>
            </line>
          </reporter-output>
        </test-method> <!-- teardown -->
      </class> <!-- com.project.TestCases.LoginTestCase -->
    </test> <!-- Default test -->
  </suite> <!-- Default suite -->
</testng-results>
